2025-06-12 19:30:44,927 ✔️ Sucesso: https://www.sofascore.com/pt/torneio/futebol/italy/serie-a/23#id:63515
2025-06-12 19:30:21,946 ✔️ Sucesso: https://www.sofascore.com/pt/torneio/futebol/italy/serie-b/53#id:63812
2025-06-12 19:30:37,974 ✔️ Sucesso: https://www.sofascore.com/pt/torneio/futebol/brazil/brasileirao-serie-a/325#id:72034
2025-06-12 19:30:54,829 ✔️ Sucesso: https://www.sofascore.com/pt/torneio/futebol/brazil/brasileirao-serie-b/390#id:72603
2025-06-12 19:31:09,940 ✔️ Sucesso: https://www.sofascore.com/pt/torneio/futsal/portugal/1a-divisao/596#id:65125
2025-06-12 19:31:26,635 ✔️ Sucesso: https://www.sofascore.com/pt/torneio/futebol/france/ligue-1/34#id:61736
2025-06-12 19:31:40,670 ✔️ Sucesso: https://www.sofascore.com/pt/torneio/futebol/netherlands/eredivisie/37#id:61666
2025-06-12 19:31:56,099 ✔️ Sucesso: https://www.sofascore.com/pt/torneio/futebol/turkey/trendyol-super-lig/52#id:63814
2025-06-12 19:32:10,285 ✔️ Sucesso: https://www.sofascore.com/pt/torneio/futebol/usa/mls/242#id:70158
2025-06-12 19:33:42,466 ✔️ Sucesso: https://www.sofascore.com/pt/torneio/futebol/uruguay/primera-division/278#id:71306
2025-06-12 19:33:56,195 ✔️ Sucesso: https://www.sofascore.com/pt/time/futebol/cerro-largo/25009
2025-06-12 19:34:09,766 ✔️ Sucesso: https://www.sofascore.com/pt/time/futebol/cerro/22011
2025-06-12 19:34:24,706 ✔️ Sucesso: https://www.sofascore.com/pt/time/futebol/club-nacional-de-football/3230
2025-06-12 19:34:39,500 ✔️ Sucesso: https://www.sofascore.com/pt/time/futebol/defensor-sporting/3229
2025-06-12 19:34:55,731 ✔️ Sucesso: https://www.sofascore.com/pt/time/futebol/juventud-de-las-piedras/3224
2025-06-12 19:35:10,845 ✔️ Sucesso: https://www.sofascore.com/pt/time/futebol/liverpool-uy/6879
2025-06-12 19:35:26,669 ✔️ Sucesso: https://www.sofascore.com/pt/time/futebol/montevideo-wanderers/3240
2025-06-12 19:35:40,363 ✔️ Sucesso: https://www.sofascore.com/pt/time/futebol/penarol/3227
2025-06-12 19:35:53,676 ✔️ Sucesso: https://www.sofascore.com/pt/time/futebol/plaza-colonia/3235
2025-06-12 19:36:07,544 ✔️ Sucesso: https://www.sofascore.com/pt/time/futebol/river-plate-uy/3237
2025-06-12 19:37:12,504 ✔️ Sucesso: https://www.sofascore.com/pt/jogador/abaldo-matias/1177402
2025-06-12 19:37:30,238 ✔️ Sucesso: https://www.sofascore.com/pt/jogador/abel-hernandez/48547
2025-06-12 19:37:44,573 ✔️ Sucesso: https://www.sofascore.com/pt/jogador/acosta-lucas/1177674
2025-06-12 19:37:59,676 ✔️ Sucesso: https://www.sofascore.com/pt/jogador/acuna-carlos/2040043
2025-06-12 19:38:32,952 ✔️ Sucesso: https://www.sofascore.com/pt/jogador/agustin-bernardo-vera-flores/1511060
2025-06-12 19:38:53,769 ✔️ Sucesso: https://www.sofascore.com/pt/jogador/agustin-cayetano/1123249
2025-06-12 19:39:07,593 ✔️ Sucesso: https://www.sofascore.com/pt/jogador/agustin-mulet/1093121
2025-06-12 19:39:22,265 ✔️ Sucesso: https://www.sofascore.com/pt/jogador/agustin-ocampo/936244
2025-06-12 19:40:14,082 ✔️ Sucesso: https://www.sofascore.com/pt/jogador/agustin-pereira/1837268
2025-06-12 19:39:52,322 ✔️ Sucesso: https://www.sofascore.com/pt/jogador/agustin-principe/2048666
2025-06-12 19:40:06,512 ✔️ Sucesso: https://www.sofascore.com/pt/jogador/agustin-rodriguez/1108468
2025-06-12 19:40:18,176 ✔️ Sucesso: https://www.sofascore.com/pt/jogador/airaldi-bruno/2040053
2025-06-12 19:40:32,313 ✔️ Sucesso: https://www.sofascore.com/pt/jogador/alan-di-pippa/1184978
2025-06-12 19:40:46,876 ✔️ Sucesso: https://www.sofascore.com/pt/jogador/alan-garcia/936685
2025-06-12 19:41:00,438 ✔️ Sucesso: https://www.sofascore.com/pt/jogador/alexander-dos-santos/2031265
2025-06-12 19:42:10,247 ✔️ Sucesso: https://www.sofascore.com/pt/jogador/alfonso-barco/975958
2025-06-12 19:42:26,526 ✔️ Sucesso: https://www.sofascore.com/pt/jogador/alfonso-de-luca/1808618
2025-06-12 19:42:43,133 ✔️ Sucesso: https://www.sofascore.com/pt/jogador/amaro-kevin/1392533
2025-06-12 19:42:56,276 ✔️ Sucesso: https://www.sofascore.com/pt/jogador/andrew-teuten/924766
2025-06-12 19:43:49,373 ✔️ Sucesso: https://www.sofascore.com/pt/jogador/angel-cayetano/158613
2025-06-12 19:43:27,262 ✔️ Sucesso: https://www.sofascore.com/pt/jogador/anthony-aires/1104150
2025-06-12 19:43:46,754 ✔️ Sucesso: https://www.sofascore.com/pt/jogador/augusto-cambon/1469913
2025-06-12 19:44:06,449 ✔️ Sucesso: https://www.sofascore.com/pt/jogador/axel-frugone/1808269
2025-06-12 19:44:59,486 ✔️ Sucesso: https://www.sofascore.com/pt/jogador/barrios/1647795
2025-06-12 19:44:36,339 ✔️ Sucesso: https://www.sofascore.com/pt/jogador/barros-cristian/990143
2025-06-12 19:44:54,332 ✔️ Sucesso: https://www.sofascore.com/pt/jogador/boggio-luciano/980190
2025-06-12 19:45:08,388 ✔️ Sucesso: https://www.sofascore.com/pt/jogador/bonilla-gonzalez-federico/2111107
2025-06-12 19:45:26,057 ✔️ Sucesso: https://www.sofascore.com/pt/jogador/boselli-juan/1125887
2025-06-12 19:45:45,472 ✔️ Sucesso: https://www.sofascore.com/pt/jogador/brian-benitez/946178
2025-06-12 19:46:02,218 ✔️ Sucesso: https://www.sofascore.com/pt/jogador/brian-ferrares/930941
2025-06-12 19:46:16,116 ✔️ Sucesso: https://www.sofascore.com/pt/jogador/bruno-arady/1643441
2025-06-12 19:46:31,912 ✔️ Sucesso: https://www.sofascore.com/pt/jogador/bruno-hernandez/1190221
2025-06-12 19:46:43,224 ✔️ Sucesso: https://www.sofascore.com/pt/jogador/bruno-larregui/2039906
2025-06-12 19:46:56,683 ✔️ Sucesso: https://www.sofascore.com/pt/jogador/bruno-veglio/943558
2025-06-12 19:47:11,254 ✔️ Sucesso: https://www.sofascore.com/pt/jogador/cabral-nicolas/1020383
2025-06-12 19:47:24,879 ✔️ Sucesso: https://www.sofascore.com/pt/jogador/calleros-yvo/978872
2025-06-12 19:47:40,948 ✔️ Sucesso: https://www.sofascore.com/pt/jogador/camacho-sebastin/2040052
2025-06-12 19:47:59,374 ✔️ Sucesso: https://www.sofascore.com/pt/jogador/camilo-mayada/158635
2025-06-12 19:48:15,067 ✔️ Sucesso: https://www.sofascore.com/pt/jogador/carrizo-lucas/1485429
2025-06-12 19:48:39,045 ✔️ Sucesso: https://www.sofascore.com/pt/jogador/castillo-enzo/1468187
2025-06-12 19:48:53,031 ✔️ Sucesso: https://www.sofascore.com/pt/jogador/catarozzi-franco/1089140
2025-06-12 19:49:12,956 ✔️ Sucesso: https://www.sofascore.com/pt/jogador/christian-almeida/877403
2025-06-12 19:49:27,967 ✔️ Sucesso: https://www.sofascore.com/pt/jogador/christian-oliva/923803
2025-06-12 19:49:42,435 ✔️ Sucesso: https://www.sofascore.com/pt/jogador/contrera-julian/1485098
2025-06-12 19:49:58,506 ✔️ Sucesso: https://www.sofascore.com/pt/jogador/correa-tiziano/1190239
2025-06-12 19:50:12,801 ✔️ Sucesso: https://www.sofascore.com/pt/jogador/cosentino-luciano/1382058
2025-06-12 19:50:28,517 ✔️ Sucesso: https://www.sofascore.com/pt/jogador/cristian-gonzalez-taborda/2054537
2025-06-12 19:50:45,929 ✔️ Sucesso: https://www.sofascore.com/pt/jogador/da-costa-lima-alex-bruno/1468444
2025-06-12 19:50:59,650 ✔️ Sucesso: https://www.sofascore.com/pt/jogador/damian-frascarelli/107249
2025-06-12 19:51:14,856 ✔️ Sucesso: https://www.sofascore.com/pt/jogador/damian-suarez/36982
2025-06-12 19:51:29,276 ✔️ Sucesso: https://www.sofascore.com/pt/jogador/david-morosini/2039899
2025-06-12 19:51:46,177 ✔️ Sucesso: https://www.sofascore.com/pt/jogador/david-terans/586662
2025-06-12 19:52:01,811 ✔️ Sucesso: https://www.sofascore.com/pt/jogador/de-los-santos-juan-cruz/1187501
2025-06-12 19:52:17,515 ✔️ Sucesso: https://www.sofascore.com/pt/jogador/diego-abreu/1150127
2025-06-12 19:52:32,892 ✔️ Sucesso: https://www.sofascore.com/pt/jogador/diego-capdevila/1799599
2025-06-12 19:52:50,823 ✔️ Sucesso: https://www.sofascore.com/pt/jogador/diego-garcia/989331
2025-06-12 19:53:08,614 ✔️ Sucesso: https://www.sofascore.com/pt/jogador/diego-herazo/819165
2025-06-12 19:53:25,107 ✔️ Sucesso: https://www.sofascore.com/pt/jogador/diego-rodriguez/592108
2025-06-12 19:53:38,237 ✔️ Sucesso: https://www.sofascore.com/pt/jogador/diego-simoes/2050778
2025-06-12 19:53:54,039 ✔️ Sucesso: https://www.sofascore.com/pt/jogador/diogo-oliveira/1018176
2025-06-12 19:54:08,960 ✔️ Sucesso: https://www.sofascore.com/pt/jogador/eduardo-darias/1066256
2025-06-12 19:54:24,718 ✔️ Sucesso: https://www.sofascore.com/pt/jogador/eduardo-vargas/37006
2025-06-12 19:54:40,556 ✔️ Sucesso: https://www.sofascore.com/pt/jogador/emanuel-cuello/925193
2025-06-12 19:54:57,383 ✔️ Sucesso: https://www.sofascore.com/pt/jogador/emiliano-alvarez/1177403
2025-06-12 19:55:12,543 ✔️ Sucesso: https://www.sofascore.com/pt/jogador/emiliano-ancheta/932490
2025-06-12 19:55:28,572 ✔️ Sucesso: https://www.sofascore.com/pt/jogador/emiliano-garcia/253811
2025-06-12 19:55:43,770 ✔️ Sucesso: https://www.sofascore.com/pt/jogador/emiliano-jourdan/1485208
2025-06-12 19:56:00,373 ✔️ Sucesso: https://www.sofascore.com/pt/jogador/emilio-crespo-pazos/1938622
2025-06-12 19:56:18,783 ✔️ Sucesso: https://www.sofascore.com/pt/jogador/emmanuel-mas/249271
2025-06-12 19:56:40,229 ✔️ Sucesso: https://www.sofascore.com/pt/jogador/enrique-lautaro-almeida-carrera/1832920
2025-06-12 19:56:58,992 ✔️ Sucesso: https://www.sofascore.com/pt/jogador/eric-remedi/796096
2025-06-12 19:57:17,049 ✔️ Sucesso: https://www.sofascore.com/pt/jogador/erico-cuello-gutierrez/1510328
2025-06-12 19:57:29,576 ✔️ Sucesso: https://www.sofascore.com/pt/jogador/esteban-crucci/1808310
2025-06-12 19:57:43,084 ✔️ Sucesso: https://www.sofascore.com/pt/jogador/exequiel-mendez/1121083
2025-06-12 19:57:59,484 ✔️ Sucesso: https://www.sofascore.com/pt/jogador/exequiel-mereles/1836840
2025-06-12 19:58:59,910 ✔️ Sucesso: https://www.sofascore.com/pt/jogador/ezequias-emanuel-redin/846768
2025-06-12 19:59:12,395 ✔️ Sucesso: https://www.sofascore.com/pt/jogador/ezequiel-forclaz/1179213
2025-06-12 19:58:46,517 ✔️ Sucesso: https://www.sofascore.com/pt/jogador/fabricio-vidal/1462820
2025-06-12 19:58:59,468 ✔️ Sucesso: https://www.sofascore.com/pt/jogador/fabrizio-correa/1018568
2025-06-12 19:59:14,090 ✔️ Sucesso: https://www.sofascore.com/pt/jogador/facundo-bonifazi/924851
2025-06-12 19:59:31,259 ✔️ Sucesso: https://www.sofascore.com/pt/jogador/facundo-de-leon/1512462
2025-06-12 19:59:45,277 ✔️ Sucesso: https://www.sofascore.com/pt/jogador/facundo-iraola/1637284
2025-06-12 20:00:00,154 ✔️ Sucesso: https://www.sofascore.com/pt/jogador/facundo-nunez/1112904
2025-06-12 20:00:56,176 ✔️ Sucesso: https://www.sofascore.com/pt/jogador/facundo-parada-rocha/874574
2025-06-12 20:00:31,334 ✔️ Sucesso: https://www.sofascore.com/pt/jogador/facundo-peraza/869717
2025-06-12 20:00:50,044 ✔️ Sucesso: https://www.sofascore.com/pt/jogador/facundo-perdomo/895648
2025-06-12 20:01:05,891 ✔️ Sucesso: https://www.sofascore.com/pt/jogador/facundo-perez/1190223
2025-06-12 20:02:03,751 ✔️ Sucesso: https://www.sofascore.com/pt/jogador/facundo-perez/1924603
2025-06-12 20:01:39,772 ✔️ Sucesso: https://www.sofascore.com/pt/jogador/facundo-piriz/1100227
2025-06-12 20:02:36,294 ✔️ Sucesso: https://www.sofascore.com/pt/jogador/facundo-silvestre/1101101
2025-06-12 20:02:12,853 ✔️ Sucesso: https://www.sofascore.com/pt/jogador/facundo-techera/1482377
2025-06-12 20:02:29,186 ✔️ Sucesso: https://www.sofascore.com/pt/jogador/facundo-vigo/831756
2025-06-12 20:02:45,686 ✔️ Sucesso: https://www.sofascore.com/pt/jogador/faustino-barone/1511059
2025-06-12 20:03:01,499 ✔️ Sucesso: https://www.sofascore.com/pt/jogador/federico-acosta/1654380
2025-06-12 20:03:15,950 ✔️ Sucesso: https://www.sofascore.com/pt/jogador/federico-barrandeguy/789946
2025-06-12 20:03:33,713 ✔️ Sucesso: https://www.sofascore.com/pt/jogador/federico-marchesini/1182415
2025-06-12 20:04:31,477 ✔️ Sucesso: https://www.sofascore.com/pt/jogador/federico-medina/1652354
2025-06-12 20:04:07,051 ✔️ Sucesso: https://www.sofascore.com/pt/jogador/federico-pintado/1472603
2025-06-12 20:04:24,873 ✔️ Sucesso: https://www.sofascore.com/pt/jogador/federico-rodriguez/146615
2025-06-12 20:04:42,704 ✔️ Sucesso: https://www.sofascore.com/pt/jogador/federico-varese/2039903
2025-06-12 20:05:01,033 ✔️ Sucesso: https://www.sofascore.com/pt/jogador/felipe-avenatti/308058
2025-06-12 20:05:17,444 ✔️ Sucesso: https://www.sofascore.com/pt/jogador/felipe-cadenazzi/896979
2025-06-12 20:05:30,900 ✔️ Sucesso: https://www.sofascore.com/pt/jogador/felipe-serres/1482375
2025-06-12 20:05:47,871 ✔️ Sucesso: https://www.sofascore.com/pt/jogador/francisco-bregante/1190213
2025-06-12 20:06:03,608 ✔️ Sucesso: https://www.sofascore.com/pt/jogador/francisco-cerro/175093
2025-06-12 20:06:20,578 ✔️ Sucesso: https://www.sofascore.com/pt/jogador/francisco-ginella/922999
2025-06-12 20:06:35,639 ✔️ Sucesso: https://www.sofascore.com/pt/jogador/franco-christian/1186819
2025-06-12 20:06:51,129 ✔️ Sucesso: https://www.sofascore.com/pt/jogador/franco-gonzalez/1102602
2025-06-12 20:07:06,541 ✔️ Sucesso: https://www.sofascore.com/pt/jogador/franco-rodriguez/1407868
2025-06-12 20:07:21,253 ✔️ Sucesso: https://www.sofascore.com/pt/jogador/franco-rossi/1112889
2025-06-12 20:07:38,400 ✔️ Sucesso: https://www.sofascore.com/pt/jogador/franco-soldano/789446
2025-06-12 20:07:56,440 ✔️ Sucesso: https://www.sofascore.com/pt/jogador/franco-valentin-cabrera-casco/1846455
2025-06-12 20:08:12,824 ✔️ Sucesso: https://www.sofascore.com/pt/jogador/g-de-mello/2040586
2025-06-12 20:08:30,921 ✔️ Sucesso: https://www.sofascore.com/pt/jogador/gabriel-baez/797030
2025-06-12 20:08:43,330 ✔️ Sucesso: https://www.sofascore.com/pt/jogador/garcia-juan-ignacio/2140162
2025-06-12 20:09:15,716 ✔️ Sucesso: https://www.sofascore.com/pt/jogador/gaston-silva/155952
2025-06-12 20:09:32,944 ✔️ Sucesso: https://www.sofascore.com/pt/jogador/gino-santilli/1524163
2025-06-12 20:09:48,783 ✔️ Sucesso: https://www.sofascore.com/pt/jogador/gonzalo-carneiro/805239
2025-06-12 20:10:05,849 ✔️ Sucesso: https://www.sofascore.com/pt/jogador/gonzalo-napoli/874569
2025-06-12 20:10:20,960 ✔️ Sucesso: https://www.sofascore.com/pt/jogador/gonzalo-petit/1482378
2025-06-12 20:10:35,595 ✔️ Sucesso: https://www.sofascore.com/pt/jogador/guillermo-de-amores/155975
2025-06-12 20:10:52,287 ✔️ Sucesso: https://www.sofascore.com/pt/jogador/guillermo-de-los-santos/158611
2025-06-12 20:11:05,165 ✔️ Sucesso: https://www.sofascore.com/pt/jogador/guillermo-felix-borthagaray-comas/1880448
2025-06-12 20:11:22,845 ✔️ Sucesso: https://www.sofascore.com/pt/jogador/guillermo-orono/2041994
2025-06-12 20:11:39,723 ✔️ Sucesso: https://www.sofascore.com/pt/jogador/guillermo-reyes/588726
2025-06-12 20:11:53,835 ✔️ Sucesso: https://www.sofascore.com/pt/jogador/guzman-santiago/1808308
2025-06-12 20:12:20,024 ✔️ Sucesso: https://www.sofascore.com/pt/jogador/haibrany-ruiz-diaz/820356
2025-06-12 20:12:46,860 ✔️ Sucesso: https://www.sofascore.com/pt/jogador/haller-rafael/1177801
2025-06-12 20:13:02,532 ✔️ Sucesso: https://www.sofascore.com/pt/jogador/hector-villalba/255471
2025-06-12 20:13:14,984 ✔️ Sucesso: https://www.sofascore.com/pt/jogador/herrera-nahuel/1199283
2025-06-12 20:13:30,896 ✔️ Sucesso: https://www.sofascore.com/pt/jogador/horacio-salaberry/841596
2025-06-12 20:13:50,284 ✔️ Sucesso: https://www.sofascore.com/pt/jogador/ian-lopez/1190226
2025-06-12 20:14:03,691 ✔️ Sucesso: https://www.sofascore.com/pt/jogador/idiarte-manuel/2161935
2025-06-12 20:14:24,147 ✔️ Sucesso: https://www.sofascore.com/pt/jogador/ignacio-sosa/1112896
2025-06-12 20:14:38,225 ✔️ Sucesso: https://www.sofascore.com/pt/jogador/ignacio-suarez/993293
2025-06-12 20:14:52,109 ✔️ Sucesso: https://www.sofascore.com/pt/jogador/inverso-luciano/1199529
2025-06-12 20:15:08,647 ✔️ Sucesso: https://www.sofascore.com/pt/jogador/ivan-rodriguez/1475386
2025-06-12 20:15:25,523 ✔️ Sucesso: https://www.sofascore.com/pt/jogador/ivan-rossi/581728
2025-06-12 20:15:55,206 ✔️ Sucesso: https://www.sofascore.com/pt/jogador/javier-cabrera/340087
2025-06-12 20:16:10,826 ✔️ Sucesso: https://www.sofascore.com/pt/jogador/javier-mendez/924858
2025-06-12 20:16:28,265 ✔️ Sucesso: https://www.sofascore.com/pt/jogador/javier-vallejo/1199242
2025-06-12 20:16:41,543 ✔️ Sucesso: https://www.sofascore.com/pt/jogador/jean-rosso/924891
2025-06-12 20:17:37,742 ✔️ Sucesso: https://www.sofascore.com/pt/jogador/jeremias-perez-tica/1153982
2025-06-12 20:17:11,087 ✔️ Sucesso: https://www.sofascore.com/pt/jogador/jeremias-silveira/1515405
2025-06-12 20:18:05,172 ✔️ Sucesso: https://www.sofascore.com/pt/jogador/jhonny-da-silva/339413
2025-06-12 20:17:39,516 ✔️ Sucesso: https://www.sofascore.com/pt/jogador/joaquin-garcia-porley/2042127
2025-06-12 20:17:55,091 ✔️ Sucesso: https://www.sofascore.com/pt/jogador/joaquin-nunez/1190167
2025-06-12 20:18:11,486 ✔️ Sucesso: https://www.sofascore.com/pt/jogador/joaquin-silva/924976
2025-06-12 20:18:28,183 ✔️ Sucesso: https://www.sofascore.com/pt/jogador/joaquin-zeballos/976105
2025-06-12 20:18:49,243 ✔️ Sucesso: https://www.sofascore.com/pt/jogador/jonathan-urretaviscaya/37792
2025-06-12 20:19:05,272 ✔️ Sucesso: https://www.sofascore.com/pt/jogador/jose-agustin-perez/1086246
2025-06-12 20:19:20,015 ✔️ Sucesso: https://www.sofascore.com/pt/jogador/jose-aja/805077
2025-06-12 20:19:38,976 ✔️ Sucesso: https://www.sofascore.com/pt/jogador/jose-alvarez/925291
2025-06-12 20:19:52,842 ✔️ Sucesso: https://www.sofascore.com/pt/jogador/juan-hernandez/1981607
2025-06-12 20:20:10,875 ✔️ Sucesso: https://www.sofascore.com/pt/jogador/juan-ignacio-rodriguez-sevilla/1870177
2025-06-12 20:20:27,172 ✔️ Sucesso: https://www.sofascore.com/pt/jogador/juan-manuel-jorge/1464178
2025-06-12 20:21:23,288 ✔️ Sucesso: https://www.sofascore.com/pt/jogador/juan-ramos/587824
2025-06-12 20:20:58,410 ✔️ Sucesso: https://www.sofascore.com/pt/jogador/juan-viacava/988849
2025-06-12 20:21:16,557 ✔️ Sucesso: https://www.sofascore.com/pt/jogador/julian-millan/839085
2025-06-12 20:21:32,324 ✔️ Sucesso: https://www.sofascore.com/pt/jogador/kevin-altez/1177673
2025-06-12 20:21:46,940 ✔️ Sucesso: https://www.sofascore.com/pt/jogador/kevin-dawson/846552
2025-06-12 20:22:03,464 ✔️ Sucesso: https://www.sofascore.com/pt/jogador/kevin-larrea/358684
2025-06-12 20:22:21,656 ✔️ Sucesso: https://www.sofascore.com/pt/jogador/kevin-prieto/1464186
2025-06-12 20:22:36,034 ✔️ Sucesso: https://www.sofascore.com/pt/jogador/larrosa-colocci-donatto/2040054
2025-06-12 20:23:28,491 ✔️ Sucesso: https://www.sofascore.com/pt/jogador/larrosa-enzo/1089286
2025-06-12 20:23:02,184 ✔️ Sucesso: https://www.sofascore.com/pt/jogador/lautaro-pertusatti/1015278
2025-06-12 20:23:17,141 ✔️ Sucesso: https://www.sofascore.com/pt/jogador/lautaro-vazquez/1472468
2025-06-12 20:23:32,244 ✔️ Sucesso: https://www.sofascore.com/pt/jogador/leandro-barcia/805036
2025-06-12 20:23:49,786 ✔️ Sucesso: https://www.sofascore.com/pt/jogador/leandro-otormin/358676
2025-06-12 20:24:01,860 ✔️ Sucesso: https://www.sofascore.com/pt/jogador/leandro-umpierrez/1475132
2025-06-12 20:24:18,025 ✔️ Sucesso: https://www.sofascore.com/pt/jogador/leandro-zazpe/166151
2025-06-12 20:24:34,171 ✔️ Sucesso: https://www.sofascore.com/pt/jogador/leo-coelho/992498
2025-06-12 20:24:52,420 ✔️ Sucesso: https://www.sofascore.com/pt/jogador/leonardo-fernandez/846411
2025-06-12 20:25:05,560 ✔️ Sucesso: https://www.sofascore.com/pt/jogador/lima-ariel/1639908
2025-06-12 20:25:20,255 ✔️ Sucesso: https://www.sofascore.com/pt/jogador/logan-ponce/1468195
2025-06-12 20:25:34,354 ✔️ Sucesso: https://www.sofascore.com/pt/jogador/lopez-inti/1390301
2025-06-12 20:25:48,209 ✔️ Sucesso: https://www.sofascore.com/pt/jogador/lorenzi-maximo/1523449
2025-06-12 20:26:00,464 ✔️ Sucesso: https://www.sofascore.com/pt/jogador/lorenzo-tadeo-gonzalez-rosso/2047559
2025-06-12 20:26:15,906 ✔️ Sucesso: https://www.sofascore.com/pt/jogador/lucas-agazzi/1464176
2025-06-12 20:26:31,521 ✔️ Sucesso: https://www.sofascore.com/pt/jogador/lucas-camejo/2051813
2025-06-12 20:26:46,927 ✔️ Sucesso: https://www.sofascore.com/pt/jogador/lucas-correa/931721
2025-06-12 20:27:00,525 ✔️ Sucesso: https://www.sofascore.com/pt/jogador/lucas-hernandez/869208
2025-06-12 20:27:15,342 ✔️ Sucesso: https://www.sofascore.com/pt/jogador/lucas-machado/975818
2025-06-12 20:27:30,279 ✔️ Sucesso: https://www.sofascore.com/pt/jogador/luis-mejia/144800
2025-06-12 20:27:45,791 ✔️ Sucesso: https://www.sofascore.com/pt/jogador/lukas-agustin-konig/1068993
2025-06-12 20:27:58,362 ✔️ Sucesso: https://www.sofascore.com/pt/jogador/lukas-agustin-konig/1407150
2025-06-12 20:28:16,990 ✔️ Sucesso: https://www.sofascore.com/pt/jogador/machado-alexander/982647
2025-06-12 20:28:35,215 ✔️ Sucesso: https://www.sofascore.com/pt/jogador/machado-renzo/1467136
2025-06-12 20:28:52,623 ✔️ Sucesso: https://www.sofascore.com/pt/jogador/maicol-agustin-piriz-rodao/1614133
2025-06-12 20:29:44,166 ✔️ Sucesso: https://www.sofascore.com/pt/jogador/maizon-rodriguez/2039907
2025-06-12 20:29:19,059 ✔️ Sucesso: https://www.sofascore.com/pt/jogador/marcos-paolini/1468198
2025-06-12 20:29:34,958 ✔️ Sucesso: https://www.sofascore.com/pt/jogador/marquez-emiliano/1468449
2025-06-12 20:29:58,450 ✔️ Sucesso: https://www.sofascore.com/pt/jogador/martin-campana/243045
2025-06-12 20:30:15,730 ✔️ Sucesso: https://www.sofascore.com/pt/jogador/martin-gianoli/1163588
2025-06-12 20:30:28,922 ✔️ Sucesso: https://www.sofascore.com/pt/jogador/martin-rabunal/805241
2025-06-12 20:30:41,424 ✔️ Sucesso: https://www.sofascore.com/pt/jogador/martin-rea/931630
2025-06-12 20:30:54,153 ✔️ Sucesso: https://www.sofascore.com/pt/jogador/martin-suarez/1108115
2025-06-12 20:31:09,994 ✔️ Sucesso: https://www.sofascore.com/pt/jogador/mateo-acosta/1964904
2025-06-12 20:31:25,615 ✔️ Sucesso: https://www.sofascore.com/pt/jogador/mateo-izaguirre/2039896
2025-06-12 20:31:41,143 ✔️ Sucesso: https://www.sofascore.com/pt/jogador/mateo-telechea/1485727
2025-06-12 20:31:55,355 ✔️ Sucesso: https://www.sofascore.com/pt/jogador/mathias-abero/179345
2025-06-12 20:32:10,266 ✔️ Sucesso: https://www.sofascore.com/pt/jogador/mathias-cubero/155923
2025-06-12 20:32:28,202 ✔️ Sucesso: https://www.sofascore.com/pt/jogador/matias-aguirregaray/129185
2025-06-12 20:32:47,435 ✔️ Sucesso: https://www.sofascore.com/pt/jogador/matias-alfonso/1190232
2025-06-12 20:33:01,827 ✔️ Sucesso: https://www.sofascore.com/pt/jogador/matias-duffard/805320
2025-06-12 20:33:16,926 ✔️ Sucesso: https://www.sofascore.com/pt/jogador/matias-mir/1112871
2025-06-12 20:33:30,650 ✔️ Sucesso: https://www.sofascore.com/pt/jogador/matias-nunez/2035996
2025-06-12 20:33:44,217 ✔️ Sucesso: https://www.sofascore.com/pt/jogador/matias-ocampo/1049222
2025-06-12 20:33:57,059 ✔️ Sucesso: https://www.sofascore.com/pt/jogador/matias-silva/1190217
2025-06-12 20:34:17,559 ✔️ Sucesso: https://www.sofascore.com/pt/jogador/matias-velazquez/590082
2025-06-12 20:34:34,833 ✔️ Sucesso: https://www.sofascore.com/pt/jogador/mauricio-affonso/831815
2025-06-12 20:34:48,770 ✔️ Sucesso: https://www.sofascore.com/pt/jogador/mauricio-amaro/1510330
2025-06-12 20:35:02,684 ✔️ Sucesso: https://www.sofascore.com/pt/jogador/mauricio-pereyra/47444
2025-06-12 20:35:17,482 ✔️ Sucesso: https://www.sofascore.com/pt/jogador/mauro-agustin-alfonso-madruga/1512631
2025-06-12 20:35:36,712 ✔️ Sucesso: https://www.sofascore.com/pt/jogador/mauro-brasil/924819
2025-06-12 20:35:52,604 ✔️ Sucesso: https://www.sofascore.com/pt/jogador/mauro-cachi/1094073
2025-06-12 20:36:09,530 ✔️ Sucesso: https://www.sofascore.com/pt/jogador/mauro-estol/924942
2025-06-12 20:36:26,773 ✔️ Sucesso: https://www.sofascore.com/pt/jogador/mauro-roman-villar/1654534
2025-06-12 20:36:41,549 ✔️ Sucesso: https://www.sofascore.com/pt/jogador/mauro-silveira/846694
2025-06-12 20:36:55,670 ✔️ Sucesso: https://www.sofascore.com/pt/jogador/maximiliano-anasco/1466258
2025-06-12 20:37:12,796 ✔️ Sucesso: https://www.sofascore.com/pt/jogador/maximiliano-gomez/805245
2025-06-12 20:37:28,173 ✔️ Sucesso: https://www.sofascore.com/pt/jogador/maximiliano-olivera/158621
2025-06-12 20:37:44,413 ✔️ Sucesso: https://www.sofascore.com/pt/jogador/maximiliano-silvera/1121489
2025-06-12 20:37:58,653 ✔️ Sucesso: https://www.sofascore.com/pt/jogador/maximo-alonso/1065969
2025-06-12 20:38:16,224 ✔️ Sucesso: https://www.sofascore.com/pt/jogador/mederos-santiago/978331
2025-06-12 20:38:30,168 ✔️ Sucesso: https://www.sofascore.com/pt/jogador/mendoza-mariano/1468445
2025-06-12 20:38:44,292 ✔️ Sucesso: https://www.sofascore.com/pt/jogador/milans-ignacio/2040050
2025-06-12 20:39:01,542 ✔️ Sucesso: https://www.sofascore.com/pt/jogador/milans-pedro/985809
2025-06-12 20:39:55,116 ✔️ Sucesso: https://www.sofascore.com/pt/jogador/miranda-agustin/976182
2025-06-12 20:39:29,061 ✔️ Sucesso: https://www.sofascore.com/pt/jogador/modibo-traore/1617455
2025-06-12 20:39:46,777 ✔️ Sucesso: https://www.sofascore.com/pt/jogador/morales-lucas/1123152
2025-06-12 20:40:00,064 ✔️ Sucesso: https://www.sofascore.com/pt/jogador/morgan-kevin/1464518
2025-06-12 20:40:18,253 ✔️ Sucesso: https://www.sofascore.com/pt/jogador/nahuel-furtado/976185
2025-06-12 20:40:33,014 ✔️ Sucesso: https://www.sofascore.com/pt/jogador/nahuel-soria/1135985
2025-06-12 20:40:50,019 ✔️ Sucesso: https://www.sofascore.com/pt/jogador/nico-lopez/255881
2025-06-12 20:41:07,153 ✔️ Sucesso: https://www.sofascore.com/pt/jogador/nicolas-bertocchi/845306
2025-06-12 20:41:23,509 ✔️ Sucesso: https://www.sofascore.com/pt/jogador/nicolas-ferreira/1190330
2025-06-12 20:41:39,465 ✔️ Sucesso: https://www.sofascore.com/pt/jogador/nicolas-leguizamon/830879
2025-06-12 20:41:56,578 ✔️ Sucesso: https://www.sofascore.com/pt/jogador/nicolas-queiroz/789996
2025-06-12 20:42:14,907 ✔️ Sucesso: https://www.sofascore.com/pt/jogador/nicolas-ramos/1020055
2025-06-12 20:42:30,202 ✔️ Sucesso: https://www.sofascore.com/pt/jogador/nicolas-rodriguez/247195
2025-06-12 20:42:46,479 ✔️ Sucesso: https://www.sofascore.com/pt/jogador/nicolas-royon/286881
2025-06-12 20:43:04,344 ✔️ Sucesso: https://www.sofascore.com/pt/jogador/nicolas-wunsch/1471202
2025-06-12 20:43:20,034 ✔️ Sucesso: https://www.sofascore.com/pt/jogador/nunez-pavel/2058215
2025-06-12 20:43:41,607 ✔️ Sucesso: https://www.sofascore.com/pt/jogador/olivera-ezequiel/1468141
2025-06-12 20:43:59,189 ✔️ Sucesso: https://www.sofascore.com/pt/jogador/osinachi-ebere/822479
2025-06-12 20:44:14,198 ✔️ Sucesso: https://www.sofascore.com/pt/jogador/otegui-santiago/1116578
2025-06-12 20:44:27,412 ✔️ Sucesso: https://www.sofascore.com/pt/jogador/ovelar-mateo/1923468
2025-06-12 20:44:41,792 ✔️ Sucesso: https://www.sofascore.com/pt/jogador/owen-falconis/874580
2025-06-12 20:44:58,569 ✔️ Sucesso: https://www.sofascore.com/pt/jogador/pablo-garcia/880491
2025-06-12 20:45:13,242 ✔️ Sucesso: https://www.sofascore.com/pt/jogador/pablo-javier-da-silveira-coitino/2054327
2025-06-12 20:45:26,826 ✔️ Sucesso: https://www.sofascore.com/pt/jogador/pablo-lima/339643
2025-06-12 20:45:43,244 ✔️ Sucesso: https://www.sofascore.com/pt/jogador/pablo-nicolas-pirez/2039900
2025-06-12 20:45:58,328 ✔️ Sucesso: https://www.sofascore.com/pt/jogador/pacifico-patricio/1482410
2025-06-12 20:46:14,206 ✔️ Sucesso: https://www.sofascore.com/pt/jogador/paolo-fabrizio-calione-fuentes/1938988
2025-06-12 20:46:31,689 ✔️ Sucesso: https://www.sofascore.com/pt/jogador/paulo-lima/789935
2025-06-12 20:46:42,836 ✔️ Sucesso: https://www.sofascore.com/pt/jogador/perez-agustin/2040047
2025-06-12 20:46:59,062 ✔️ Sucesso: https://www.sofascore.com/pt/jogador/perez-rodrigo/1177546
2025-06-12 20:47:12,943 ✔️ Sucesso: https://www.sofascore.com/pt/jogador/pintado-rodrigo/1482590
2025-06-12 20:47:28,369 ✔️ Sucesso: https://www.sofascore.com/pt/jogador/prado-axel/1001392
2025-06-12 20:47:43,216 ✔️ Sucesso: https://www.sofascore.com/pt/jogador/quintana-hugo/975222
2025-06-12 20:47:57,490 ✔️ Sucesso: https://www.sofascore.com/pt/jogador/quintana-silva-juan-ignacio/1019570
2025-06-12 20:48:13,532 ✔️ Sucesso: https://www.sofascore.com/pt/jogador/rafael-hornos/1396097
2025-06-12 20:49:11,075 ✔️ Sucesso: https://www.sofascore.com/pt/jogador/ramiro-peralta/1117098
2025-06-12 20:48:48,995 ✔️ Sucesso: https://www.sofascore.com/pt/jogador/recoba-jeremia/1640614
2025-06-12 20:49:02,902 ✔️ Sucesso: https://www.sofascore.com/pt/jogador/redin-miqueas/2040040
2025-06-12 20:49:18,823 ✔️ Sucesso: https://www.sofascore.com/pt/jogador/renzo-sanchez/1128906
2025-06-12 20:49:38,281 ✔️ Sucesso: https://www.sofascore.com/pt/jogador/rodrigo-amaral/796451
2025-06-12 20:49:56,719 ✔️ Sucesso: https://www.sofascore.com/pt/jogador/rodrigo-cabrera/1515255
2025-06-12 20:50:11,680 ✔️ Sucesso: https://www.sofascore.com/pt/jogador/rodrigo-chagas/1128907
2025-06-12 20:50:31,114 ✔️ Sucesso: https://www.sofascore.com/pt/jogador/rodrigo-dudok/1482417
2025-06-12 20:50:47,076 ✔️ Sucesso: https://www.sofascore.com/pt/jogador/rodrigo-rivero/846545
2025-06-12 20:51:02,604 ✔️ Sucesso: https://www.sofascore.com/pt/jogador/rodriguez-juan/1485391
2025-06-12 20:51:17,611 ✔️ Sucesso: https://www.sofascore.com/pt/jogador/rodriguez-l/2058219
2025-06-12 20:51:34,346 ✔️ Sucesso: https://www.sofascore.com/pt/jogador/rollano-santiago/1190469
2025-06-12 20:51:52,451 ✔️ Sucesso: https://www.sofascore.com/pt/jogador/romero-diego/1098273
2025-06-12 20:52:13,218 ✔️ Sucesso: https://www.sofascore.com/pt/jogador/romulo-otero/845323
2025-06-12 20:52:28,247 ✔️ Sucesso: https://www.sofascore.com/pt/jogador/santiago-milano/1116675
2025-06-12 20:52:45,596 ✔️ Sucesso: https://www.sofascore.com/pt/jogador/santiago-nahuel-gomez-martinez/2040344
2025-06-12 20:53:00,493 ✔️ Sucesso: https://www.sofascore.com/pt/jogador/santiago-vargas/1981608
2025-06-12 20:53:54,135 ✔️ Sucesso: https://www.sofascore.com/pt/jogador/sebastian-assis/976167
2025-06-12 20:53:28,108 ✔️ Sucesso: https://www.sofascore.com/pt/jogador/sebastian-caceres/1083276
2025-06-12 20:53:47,101 ✔️ Sucesso: https://www.sofascore.com/pt/jogador/sebastian-coates/47443
2025-06-12 20:54:02,611 ✔️ Sucesso: https://www.sofascore.com/pt/jogador/sebastian-figueredo/1177661
2025-06-12 20:54:16,610 ✔️ Sucesso: https://www.sofascore.com/pt/jogador/sebastian-lentinelly/877395
2025-06-12 20:54:32,563 ✔️ Sucesso: https://www.sofascore.com/pt/jogador/sebastian-sosa/129165
2025-06-12 20:54:46,258 ✔️ Sucesso: https://www.sofascore.com/pt/jogador/sequeira-lucas/2040046
2025-06-12 20:55:01,685 ✔️ Sucesso: https://www.sofascore.com/pt/jogador/soria-agustin/1639910
2025-06-12 20:55:17,130 ✔️ Sucesso: https://www.sofascore.com/pt/jogador/stiven-muhlethaler/1482414
2025-06-12 20:55:32,678 ✔️ Sucesso: https://www.sofascore.com/pt/jogador/suarez-pablo/1948546
2025-06-12 20:55:46,231 ✔️ Sucesso: https://www.sofascore.com/pt/jogador/tabare-viudez/42465
2025-06-12 20:56:00,246 ✔️ Sucesso: https://www.sofascore.com/pt/jogador/thomas-gonzalez/1587092
2025-06-12 20:56:17,249 ✔️ Sucesso: https://www.sofascore.com/pt/jogador/thomas-rodriguez/818525
2025-06-12 20:56:31,212 ✔️ Sucesso: https://www.sofascore.com/pt/jogador/tomas-lopez/1596783
2025-06-12 20:56:47,904 ✔️ Sucesso: https://www.sofascore.com/pt/jogador/tomas-olase/1475134
2025-06-12 20:57:06,481 ✔️ Sucesso: https://www.sofascore.com/pt/jogador/valentin-gauthier/1415940
2025-06-12 20:57:19,014 ✔️ Sucesso: https://www.sofascore.com/pt/jogador/viera-alegre-tomas-ezequiel/1951709
2025-06-12 20:57:39,356 ✔️ Sucesso: https://www.sofascore.com/pt/jogador/villalba-diego/1468446
2025-06-12 20:57:56,620 ✔️ Sucesso: https://www.sofascore.com/pt/jogador/villalba-lucas/1109864
2025-06-12 20:58:10,944 ✔️ Sucesso: https://www.sofascore.com/pt/jogador/wagner-guillermo/1086481
2025-06-12 20:58:28,806 ✔️ Sucesso: https://www.sofascore.com/pt/jogador/walter-montoya/341077
2025-06-12 20:58:45,426 ✔️ Sucesso: https://www.sofascore.com/pt/jogador/wasilewsky-lucas/1190214
2025-06-12 20:59:00,242 ✔️ Sucesso: https://www.sofascore.com/pt/jogador/xavier-biscayzacu/1409316
2025-06-12 20:59:15,913 ✔️ Sucesso: https://www.sofascore.com/pt/jogador/yacouba-meite/1534652
2025-06-12 20:59:31,696 ✔️ Sucesso: https://www.sofascore.com/pt/jogador/yonatan-irrazabal/40767
2025-06-12 20:59:49,022 ✔️ Sucesso: https://www.sofascore.com/pt/jogador/yonathan-rodriguez/1197454
2025-06-12 23:18:46,712 ✔️ Sucesso: https://www.sofascore.com/pt/torneio/futebol/uruguay/primera-division/278#id:71306
2025-06-12 23:18:57,207 ⚠️ Não foi possível acessar aba Geral para campeonato-uruguaio-2025: Message: 
Stacktrace:
#0 0x564ca84b7c9a <unknown>
#1 0x564ca7f5d6e0 <unknown>
#2 0x564ca7faf117 <unknown>
#3 0x564ca7faf311 <unknown>
#4 0x564ca7ffdec4 <unknown>
#5 0x564ca7fd4e5d <unknown>
#6 0x564ca7ffb2cc <unknown>
#7 0x564ca7fd4c03 <unknown>
#8 0x564ca7fa147b <unknown>
#9 0x564ca7fa20e1 <unknown>
#10 0x564ca847c44b <unknown>
#11 0x564ca848037f <unknown>
#12 0x564ca8463f89 <unknown>
#13 0x564ca8480f18 <unknown>
#14 0x564ca84486df <unknown>
#15 0x564ca84a5308 <unknown>
#16 0x564ca84a54e6 <unknown>
#17 0x564ca84b6b76 <unknown>
#18 0x7f863f4e0aa4 <unknown>
#19 0x7f863f56dc3c <unknown>

2025-06-12 23:19:07,659 ⚠️ Não foi possível acessar aba Ataque para campeonato-uruguaio-2025: Message: 
Stacktrace:
#0 0x564ca84b7c9a <unknown>
#1 0x564ca7f5d6e0 <unknown>
#2 0x564ca7faf117 <unknown>
#3 0x564ca7faf311 <unknown>
#4 0x564ca7ffdec4 <unknown>
#5 0x564ca7fd4e5d <unknown>
#6 0x564ca7ffb2cc <unknown>
#7 0x564ca7fd4c03 <unknown>
#8 0x564ca7fa147b <unknown>
#9 0x564ca7fa20e1 <unknown>
#10 0x564ca847c44b <unknown>
#11 0x564ca848037f <unknown>
#12 0x564ca8463f89 <unknown>
#13 0x564ca8480f18 <unknown>
#14 0x564ca84486df <unknown>
#15 0x564ca84a5308 <unknown>
#16 0x564ca84a54e6 <unknown>
#17 0x564ca84b6b76 <unknown>
#18 0x7f863f4e0aa4 <unknown>
#19 0x7f863f56dc3c <unknown>

2025-06-12 23:19:18,052 ⚠️ Não foi possível acessar aba Defensores para campeonato-uruguaio-2025: Message: 
Stacktrace:
#0 0x564ca84b7c9a <unknown>
#1 0x564ca7f5d6e0 <unknown>
#2 0x564ca7faf117 <unknown>
#3 0x564ca7faf311 <unknown>
#4 0x564ca7ffdec4 <unknown>
#5 0x564ca7fd4e5d <unknown>
#6 0x564ca7ffb2cc <unknown>
#7 0x564ca7fd4c03 <unknown>
#8 0x564ca7fa147b <unknown>
#9 0x564ca7fa20e1 <unknown>
#10 0x564ca847c44b <unknown>
#11 0x564ca848037f <unknown>
#12 0x564ca8463f89 <unknown>
#13 0x564ca8480f18 <unknown>
#14 0x564ca84486df <unknown>
#15 0x564ca84a5308 <unknown>
#16 0x564ca84a54e6 <unknown>
#17 0x564ca84b6b76 <unknown>
#18 0x7f863f4e0aa4 <unknown>
#19 0x7f863f56dc3c <unknown>

2025-06-12 23:19:28,496 ⚠️ Não foi possível acessar aba Passe para campeonato-uruguaio-2025: Message: 
Stacktrace:
#0 0x564ca84b7c9a <unknown>
#1 0x564ca7f5d6e0 <unknown>
#2 0x564ca7faf117 <unknown>
#3 0x564ca7faf311 <unknown>
#4 0x564ca7ffdec4 <unknown>
#5 0x564ca7fd4e5d <unknown>
#6 0x564ca7ffb2cc <unknown>
#7 0x564ca7fd4c03 <unknown>
#8 0x564ca7fa147b <unknown>
#9 0x564ca7fa20e1 <unknown>
#10 0x564ca847c44b <unknown>
#11 0x564ca848037f <unknown>
#12 0x564ca8463f89 <unknown>
#13 0x564ca8480f18 <unknown>
#14 0x564ca84486df <unknown>
#15 0x564ca84a5308 <unknown>
#16 0x564ca84a54e6 <unknown>
#17 0x564ca84b6b76 <unknown>
#18 0x7f863f4e0aa4 <unknown>
#19 0x7f863f56dc3c <unknown>

2025-06-12 23:19:38,960 ⚠️ Não foi possível acessar aba Guarda-Redes para campeonato-uruguaio-2025: Message: 
Stacktrace:
#0 0x564ca84b7c9a <unknown>
#1 0x564ca7f5d6e0 <unknown>
#2 0x564ca7faf117 <unknown>
#3 0x564ca7faf311 <unknown>
#4 0x564ca7ffdec4 <unknown>
#5 0x564ca7fd4e5d <unknown>
#6 0x564ca7ffb2cc <unknown>
#7 0x564ca7fd4c03 <unknown>
#8 0x564ca7fa147b <unknown>
#9 0x564ca7fa20e1 <unknown>
#10 0x564ca847c44b <unknown>
#11 0x564ca848037f <unknown>
#12 0x564ca8463f89 <unknown>
#13 0x564ca8480f18 <unknown>
#14 0x564ca84486df <unknown>
#15 0x564ca84a5308 <unknown>
#16 0x564ca84a54e6 <unknown>
#17 0x564ca84b6b76 <unknown>
#18 0x7f863f4e0aa4 <unknown>
#19 0x7f863f56dc3c <unknown>

2025-06-12 23:19:53,227 ✔️ Sucesso: https://www.sofascore.com/pt/time/futebol/cerro-largo/25009
2025-06-12 23:20:06,684 ✔️ Sucesso: https://www.sofascore.com/pt/time/futebol/cerro/22011
2025-06-12 23:20:22,916 ✔️ Sucesso: https://www.sofascore.com/pt/time/futebol/club-nacional-de-football/3230
2025-06-12 23:20:40,645 ✔️ Sucesso: https://www.sofascore.com/pt/time/futebol/defensor-sporting/3229
2025-06-12 23:21:01,336 ✔️ Sucesso: https://www.sofascore.com/pt/time/futebol/juventud-de-las-piedras/3224
2025-06-12 23:21:14,702 ✔️ Sucesso: https://www.sofascore.com/pt/time/futebol/liverpool-uy/6879
2025-06-12 23:21:30,653 ✔️ Sucesso: https://www.sofascore.com/pt/time/futebol/montevideo-city-torque/174972
2025-06-12 23:23:43,759 Retrying (Retry(total=2, connect=None, read=None, redirect=None, status=None)) after connection broken by 'ReadTimeoutError("HTTPConnectionPool(host='localhost', port=39319): Read timed out. (read timeout=120)")': /session/c4c26f00f49f65f7918f6acb5e51a941/source
2025-06-12 23:25:43,391 Retrying (Retry(total=1, connect=None, read=None, redirect=None, status=None)) after connection broken by 'ReadTimeoutError("HTTPConnectionPool(host='localhost', port=39319): Read timed out. (read timeout=120)")': /session/c4c26f00f49f65f7918f6acb5e51a941/source
2025-06-12 23:27:43,235 Retrying (Retry(total=0, connect=None, read=None, redirect=None, status=None)) after connection broken by 'ReadTimeoutError("HTTPConnectionPool(host='localhost', port=39319): Read timed out. (read timeout=120)")': /session/c4c26f00f49f65f7918f6acb5e51a941/source
2025-06-12 23:29:43,284 ❌ Falha: https://www.sofascore.com/pt/time/futebol/montevideo-wanderers/3240 - HTTPConnectionPool(host='localhost', port=39319): Max retries exceeded with url: /session/c4c26f00f49f65f7918f6acb5e51a941/source (Caused by ReadTimeoutError("HTTPConnectionPool(host='localhost', port=39319): Read timed out. (read timeout=120)"))
2025-06-12 23:32:22,974 ❌ Falha: https://www.sofascore.com/pt/time/futebol/penarol/3227 - HTTPConnectionPool(host='localhost', port=39319): Read timed out. (read timeout=120)
2025-06-12 23:32:41,421 ✔️ Sucesso: https://www.sofascore.com/pt/time/futebol/plaza-colonia/3235
2025-06-12 23:32:17,086 ✔️ Sucesso: https://www.sofascore.com/pt/time/futebol/progreso/3238
2025-06-12 23:32:32,510 ✔️ Sucesso: https://www.sofascore.com/pt/time/futebol/river-plate-uy/3237
2025-06-12 23:37:42,473 ✔️ Sucesso: https://www.sofascore.com/pt/torneio/futebol/uruguay/primera-division/278#id:71306
2025-06-12 23:37:52,644 ⚠️ Não foi possível acessar aba Geral para campeonato-uruguaio-2025: Message: 
Stacktrace:
#0 0x56359b80ec9a <unknown>
#1 0x56359b2b46e0 <unknown>
#2 0x56359b306117 <unknown>
#3 0x56359b306311 <unknown>
#4 0x56359b354ec4 <unknown>
#5 0x56359b32be5d <unknown>
#6 0x56359b3522cc <unknown>
#7 0x56359b32bc03 <unknown>
#8 0x56359b2f847b <unknown>
#9 0x56359b2f90e1 <unknown>
#10 0x56359b7d344b <unknown>
#11 0x56359b7d737f <unknown>
#12 0x56359b7baf89 <unknown>
#13 0x56359b7d7f18 <unknown>
#14 0x56359b79f6df <unknown>
#15 0x56359b7fc308 <unknown>
#16 0x56359b7fc4e6 <unknown>
#17 0x56359b80db76 <unknown>
#18 0x7f7068647aa4 <unknown>
#19 0x7f70686d4c3c <unknown>

2025-06-12 23:38:02,585 ⚠️ Não foi possível acessar aba Ataque para campeonato-uruguaio-2025: Message: 
Stacktrace:
#0 0x56359b80ec9a <unknown>
#1 0x56359b2b46e0 <unknown>
#2 0x56359b306117 <unknown>
#3 0x56359b306311 <unknown>
#4 0x56359b354ec4 <unknown>
#5 0x56359b32be5d <unknown>
#6 0x56359b3522cc <unknown>
#7 0x56359b32bc03 <unknown>
#8 0x56359b2f847b <unknown>
#9 0x56359b2f90e1 <unknown>
#10 0x56359b7d344b <unknown>
#11 0x56359b7d737f <unknown>
#12 0x56359b7baf89 <unknown>
#13 0x56359b7d7f18 <unknown>
#14 0x56359b79f6df <unknown>
#15 0x56359b7fc308 <unknown>
#16 0x56359b7fc4e6 <unknown>
#17 0x56359b80db76 <unknown>
#18 0x7f7068647aa4 <unknown>
#19 0x7f70686d4c3c <unknown>

2025-06-12 23:38:12,812 ⚠️ Não foi possível acessar aba Defensores para campeonato-uruguaio-2025: Message: 
Stacktrace:
#0 0x56359b80ec9a <unknown>
#1 0x56359b2b46e0 <unknown>
#2 0x56359b306117 <unknown>
#3 0x56359b306311 <unknown>
#4 0x56359b354ec4 <unknown>
#5 0x56359b32be5d <unknown>
#6 0x56359b3522cc <unknown>
#7 0x56359b32bc03 <unknown>
#8 0x56359b2f847b <unknown>
#9 0x56359b2f90e1 <unknown>
#10 0x56359b7d344b <unknown>
#11 0x56359b7d737f <unknown>
#12 0x56359b7baf89 <unknown>
#13 0x56359b7d7f18 <unknown>
#14 0x56359b79f6df <unknown>
#15 0x56359b7fc308 <unknown>
#16 0x56359b7fc4e6 <unknown>
#17 0x56359b80db76 <unknown>
#18 0x7f7068647aa4 <unknown>
#19 0x7f70686d4c3c <unknown>

2025-06-12 23:38:22,979 ⚠️ Não foi possível acessar aba Passe para campeonato-uruguaio-2025: Message: 
Stacktrace:
#0 0x56359b80ec9a <unknown>
#1 0x56359b2b46e0 <unknown>
#2 0x56359b306117 <unknown>
#3 0x56359b306311 <unknown>
#4 0x56359b354ec4 <unknown>
#5 0x56359b32be5d <unknown>
#6 0x56359b3522cc <unknown>
#7 0x56359b32bc03 <unknown>
#8 0x56359b2f847b <unknown>
#9 0x56359b2f90e1 <unknown>
#10 0x56359b7d344b <unknown>
#11 0x56359b7d737f <unknown>
#12 0x56359b7baf89 <unknown>
#13 0x56359b7d7f18 <unknown>
#14 0x56359b79f6df <unknown>
#15 0x56359b7fc308 <unknown>
#16 0x56359b7fc4e6 <unknown>
#17 0x56359b80db76 <unknown>
#18 0x7f7068647aa4 <unknown>
#19 0x7f70686d4c3c <unknown>

2025-06-12 23:38:33,024 ⚠️ Não foi possível acessar aba Guarda-Redes para campeonato-uruguaio-2025: Message: 
Stacktrace:
#0 0x56359b80ec9a <unknown>
#1 0x56359b2b46e0 <unknown>
#2 0x56359b306117 <unknown>
#3 0x56359b306311 <unknown>
#4 0x56359b354ec4 <unknown>
#5 0x56359b32be5d <unknown>
#6 0x56359b3522cc <unknown>
#7 0x56359b32bc03 <unknown>
#8 0x56359b2f847b <unknown>
#9 0x56359b2f90e1 <unknown>
#10 0x56359b7d344b <unknown>
#11 0x56359b7d737f <unknown>
#12 0x56359b7baf89 <unknown>
#13 0x56359b7d7f18 <unknown>
#14 0x56359b79f6df <unknown>
#15 0x56359b7fc308 <unknown>
#16 0x56359b7fc4e6 <unknown>
#17 0x56359b80db76 <unknown>
#18 0x7f7068647aa4 <unknown>
#19 0x7f70686d4c3c <unknown>

2025-06-12 23:38:48,260 ✔️ Sucesso: https://www.sofascore.com/pt/time/futebol/cerro-largo/25009
2025-06-12 23:39:04,572 ✔️ Sucesso: https://www.sofascore.com/pt/time/futebol/cerro/22011
2025-06-12 23:39:22,608 ✔️ Sucesso: https://www.sofascore.com/pt/time/futebol/club-nacional-de-football/3230
2025-06-12 23:39:36,632 ✔️ Sucesso: https://www.sofascore.com/pt/time/futebol/defensor-sporting/3229
2025-06-12 23:39:54,859 ✔️ Sucesso: https://www.sofascore.com/pt/time/futebol/juventud-de-las-piedras/3224
2025-06-12 23:40:08,707 ✔️ Sucesso: https://www.sofascore.com/pt/time/futebol/liverpool-uy/6879
2025-06-12 23:40:23,450 ✔️ Sucesso: https://www.sofascore.com/pt/time/futebol/montevideo-city-torque/174972
2025-06-12 23:40:41,144 ✔️ Sucesso: https://www.sofascore.com/pt/time/futebol/montevideo-wanderers/3240
2025-06-12 23:40:56,091 ✔️ Sucesso: https://www.sofascore.com/pt/time/futebol/penarol/3227
2025-06-12 23:41:08,882 ✔️ Sucesso: https://www.sofascore.com/pt/time/futebol/plaza-colonia/3235
2025-06-12 23:41:21,029 ✔️ Sucesso: https://www.sofascore.com/pt/time/futebol/progreso/3238
2025-06-12 23:41:37,405 ✔️ Sucesso: https://www.sofascore.com/pt/time/futebol/river-plate-uy/3237
2025-06-13 00:10:10,809 ✔️ Sucesso: https://www.sofascore.com/pt/torneio/futebol/uruguay/primera-division/278#id:71306
2025-06-13 00:10:27,002 ✔️ Sucesso: https://www.sofascore.com/pt/time/futebol/cerro-largo/25009
2025-06-13 00:10:59,542 ✔️ Sucesso: https://www.sofascore.com/pt/time/futebol/cerro/22011
2025-06-13 00:11:32,371 ✔️ Sucesso: https://www.sofascore.com/pt/time/futebol/club-nacional-de-football/3230
2025-06-13 00:12:06,869 ✔️ Sucesso: https://www.sofascore.com/pt/time/futebol/defensor-sporting/3229
2025-06-13 00:12:36,755 ✔️ Sucesso: https://www.sofascore.com/pt/time/futebol/juventud-de-las-piedras/3224
2025-06-13 00:13:08,496 ✔️ Sucesso: https://www.sofascore.com/pt/time/futebol/liverpool-uy/6879
2025-06-13 00:13:41,283 ✔️ Sucesso: https://www.sofascore.com/pt/time/futebol/montevideo-city-torque/174972
2025-06-13 00:14:15,452 ✔️ Sucesso: https://www.sofascore.com/pt/time/futebol/montevideo-wanderers/3240
2025-06-13 00:14:47,637 ✔️ Sucesso: https://www.sofascore.com/pt/time/futebol/penarol/3227
2025-06-13 00:15:18,438 ✔️ Sucesso: https://www.sofascore.com/pt/time/futebol/plaza-colonia/3235
2025-06-13 00:15:50,910 ✔️ Sucesso: https://www.sofascore.com/pt/time/futebol/progreso/3238
2025-06-13 00:16:22,641 ✔️ Sucesso: https://www.sofascore.com/pt/time/futebol/river-plate-uy/3237
2025-06-13 00:17:54,066 ✔️ Sucesso: https://www.sofascore.com/pt/torneio/futebol/uruguay/primera-division/278#id:71306
2025-06-13 00:18:08,102 ✔️ Sucesso: https://www.sofascore.com/pt/time/futebol/cerro-largo/25009
2025-06-13 00:18:42,630 ✔️ Sucesso: https://www.sofascore.com/pt/time/futebol/cerro/22011
2025-06-13 00:19:20,824 ✔️ Sucesso: https://www.sofascore.com/pt/time/futebol/club-nacional-de-football/3230
2025-06-13 00:19:57,110 ✔️ Sucesso: https://www.sofascore.com/pt/time/futebol/defensor-sporting/3229
2025-06-13 00:20:32,187 ✔️ Sucesso: https://www.sofascore.com/pt/time/futebol/juventud-de-las-piedras/3224
2025-06-13 00:21:04,071 ✔️ Sucesso: https://www.sofascore.com/pt/time/futebol/liverpool-uy/6879
2025-06-13 00:21:38,916 ✔️ Sucesso: https://www.sofascore.com/pt/time/futebol/montevideo-city-torque/174972
2025-06-13 00:22:11,266 ✔️ Sucesso: https://www.sofascore.com/pt/time/futebol/montevideo-wanderers/3240
2025-06-13 00:22:43,395 ✔️ Sucesso: https://www.sofascore.com/pt/time/futebol/penarol/3227
2025-06-13 00:23:46,399 ✔️ Sucesso: https://www.sofascore.com/pt/torneio/futebol/uruguay/primera-division/278#id:71306
2025-06-13 00:23:59,464 ✔️ Sucesso: https://www.sofascore.com/pt/time/futebol/boston-river/174970
2025-06-13 00:35:23,039 ✔️ Sucesso: https://www.sofascore.com/pt/torneio/futebol/italy/serie-a/23#id:63515
2025-06-13 00:35:35,477 ✔️ Sucesso: https://www.sofascore.com/pt/time/futebol/atalanta/2686
2025-06-13 00:41:47,170 Erro ao clicar na aba Geral do campeonato serie-a-2024-2025: Exception("Falha ao clicar na aba 'Geral': Message: \nStacktrace:\n#0 0x562a81bb6c9a <unknown>\n#1 0x562a8165c6e0 <unknown>\n#2 0x562a816ae117 <unknown>\n#3 0x562a816ae311 <unknown>\n#4 0x562a816fcec4 <unknown>\n#5 0x562a816d3e5d <unknown>\n#6 0x562a816fa2cc <unknown>\n#7 0x562a816d3c03 <unknown>\n#8 0x562a816a047b <unknown>\n#9 0x562a816a10e1 <unknown>\n#10 0x562a81b7b44b <unknown>\n#11 0x562a81b7f37f <unknown>\n#12 0x562a81b62f89 <unknown>\n#13 0x562a81b7ff18 <unknown>\n#14 0x562a81b476df <unknown>\n#15 0x562a81ba4308 <unknown>\n#16 0x562a81ba44e6 <unknown>\n#17 0x562a81bb5b76 <unknown>\n#18 0x7fda5de3aaa4 <unknown>\n#19 0x7fda5dec7c3c <unknown>\n")
2025-06-13 00:43:02,572 Erro ao clicar na aba Geral do campeonato serie-a-2024-2025: Exception("Não foi possível clicar na aba 'Geral': TimeoutException()")
2025-06-13 00:43:12,587 Erro ao clicar na aba Ataque do campeonato serie-a-2024-2025: Exception("Não foi possível clicar na aba 'Ataque': TimeoutException()")
2025-06-13 00:43:23,030 Erro ao clicar na aba Defensores do campeonato serie-a-2024-2025: Exception("Não foi possível clicar na aba 'Defensores': TimeoutException()")
2025-06-13 00:43:33,494 Erro ao clicar na aba Passe do campeonato serie-a-2024-2025: Exception("Não foi possível clicar na aba 'Passe': TimeoutException()")
2025-06-13 00:44:44,635 Erro ao clicar na aba Geral do campeonato serie-a-2024-2025: Exception("Não foi possível clicar na aba 'Geral': TimeoutException()")
